[debug] > Exec(;reload; set _root_.org.jetbrains.sbt.StructureKeys.sbtStructureOptions in Global := "download resolveClassifiers" ;*/*:dumpStructureTo C:/Users/sartnagpal/AppData/Local/Temp/sbt-structure.xml; session clear-all ; set ideaPort in Global := 63538, None, None)
[debug] > Exec(reload, None, None)
[debug] > Exec(sbtStashOnFailure, None, None)
[debug] > Exec(onFailure loadFailed, None, None)
[debug] > Exec(loadp, None, None)
[info] welcome to sbt 1.5.4 (Amazon.com Inc. Java 1.8.0_292)
[debug]       Load.loadUnit: plugins took 27.4876ms
[debug]       Load.loadUnit: defsScala took 0.0204ms
[debug] [Loading] Scanning directory C:\Users\sartnagpal\.sbt\1.0\plugins
[debug] [Loading] Found non-root projects 
[debug] [Loading] Done in C:\Users\sartnagpal\.sbt\1.0\plugins, returning: ()
[debug] deducing auto plugins based on known facts Set(Atom(sbt.plugins.CorePlugin)) and clauses Clauses(Clause(Atom(sbt.plugins.JvmPlugin),Set(Atom(sbt.plugins.IvyPlugin)))
[debug] Clause(Atom(sbt.ScriptedPlugin),Set(Atom(sbt.plugins.JvmPlugin)))
[debug] Clause(Atom(sbt.plugins.SbtPlugin),Set(Atom(sbt.ScriptedPlugin)))
[debug] Clause(Atom(sbt.plugins.SemanticdbPlugin),Set(Atom(sbt.plugins.JvmPlugin)))
[debug] Clause(Atom(sbt.plugins.JUnitXmlReportPlugin),Set(Atom(sbt.plugins.JvmPlugin)))
[debug] Clause(Atom(sbt.plugins.MiniDependencyTreePlugin),Set(Atom(sbt.plugins.JvmPlugin)))
[debug] Clause(Atom(sbt.plugins.CorePlugin),Set(Atom(sbt.plugins.IvyPlugin)))
[debug] Clause(Atom(sbt.plugins.IvyPlugin),Set(Atom(sbt.plugins.JvmPlugin)))
[debug] Clause(Atom(sbt.plugins.JvmPlugin),Set(Atom(sbt.plugins.SemanticdbPlugin)))
[debug] Clause(Atom(sbt.plugins.JvmPlugin),Set(Atom(sbt.plugins.JUnitXmlReportPlugin)))
[debug] Clause(Atom(sbt.plugins.CorePlugin),Set(Atom(sbt.plugins.Giter8TemplatePlugin)))
[debug] Clause(Atom(sbt.plugins.JvmPlugin),Set(Atom(sbt.plugins.MiniDependencyTreePlugin))))
[debug]   :: deduced result: Matched(sbt.plugins.CorePlugin,sbt.plugins.Giter8TemplatePlugin,sbt.plugins.IvyPlugin,sbt.plugins.JvmPlugin,sbt.plugins.MiniDependencyTreePlugin,sbt.plugins.JUnitXmlReportPlugin,sbt.plugins.SemanticdbPlugin)
[debug] Plugins.deducer#function took 0.7013 ms
[debug]           Load.resolveProject(global-plugins) took 1.3245ms
[debug]         Load.loadTransitive: finalizeProject(Project(id global-plugins, base: C:\Users\sartnagpal\.sbt\1.0\plugins, plugins: List(<none>))) took 2.3427ms
[debug] [Loading] Done in C:\Users\sartnagpal\.sbt\1.0\plugins, returning: (global-plugins)
[debug]       Load.loadUnit: loadedProjectsRaw took 3.3445ms
[debug]       Load.loadUnit: cleanEvalClasses took 0.0087ms
[debug]     Load.loadUnit(file:/C:/Users/sartnagpal/.sbt/1.0/plugins/, ...) took 40.6249ms
[debug]   Load.apply: load took 42.045ms
[debug]   Load.apply: resolveProjects took 0.0887ms
[debug]   Load.apply: finalTransforms took 2.8294ms
[debug]   Load.apply: config.delegates took 0.1626ms
[debug]   Load.apply: Def.make(settings)... took 25.1947ms
[debug]   Load.apply: structureIndex took 8.2786ms
[debug]   Load.apply: mkStreams took 0.0037ms
[info] loading global plugins from C:\Users\sartnagpal\.sbt\1.0\plugins
[debug] Running task... Cancel: Signal, check cycles: false, forcegc: true
[debug] Load.defaultLoad until apply took 250.7493ms
[debug]           Load.loadUnit: plugins took 25.6443ms
[debug]           Load.loadUnit: defsScala took 0.0038ms
[debug] [Loading] Scanning directory C:\Scala\AkkaAssignment\project
[debug]             Load.loadUnit: mkEval took 0.4292ms
[debug] [Loading] Found non-root projects 
[debug] [Loading] Done in C:\Scala\AkkaAssignment\project, returning: ()
[debug] deducing auto plugins based on known facts Set(Atom(sbt.plugins.CorePlugin)) and clauses Clauses(Clause(Atom(sbt.plugins.JvmPlugin),Set(Atom(sbt.plugins.IvyPlugin)))
[debug] Clause(Atom(sbt.ScriptedPlugin),Set(Atom(sbt.plugins.JvmPlugin)))
[debug] Clause(Atom(sbt.plugins.SbtPlugin),Set(Atom(sbt.ScriptedPlugin)))
[debug] Clause(Atom(sbt.plugins.SemanticdbPlugin),Set(Atom(sbt.plugins.JvmPlugin)))
[debug] Clause(Atom(sbt.plugins.JUnitXmlReportPlugin),Set(Atom(sbt.plugins.JvmPlugin)))
[debug] Clause(Atom(sbt.plugins.MiniDependencyTreePlugin),Set(Atom(sbt.plugins.JvmPlugin)))
[debug] Clause(Atom(sbt.plugins.CorePlugin),Set(Atom(sbt.plugins.IvyPlugin)))
[debug] Clause(Atom(sbt.plugins.IvyPlugin),Set(Atom(sbt.plugins.JvmPlugin)))
[debug] Clause(Atom(sbt.plugins.JvmPlugin),Set(Atom(sbt.plugins.SemanticdbPlugin)))
[debug] Clause(Atom(sbt.plugins.JvmPlugin),Set(Atom(sbt.plugins.JUnitXmlReportPlugin)))
[debug] Clause(Atom(sbt.plugins.CorePlugin),Set(Atom(sbt.plugins.Giter8TemplatePlugin)))
[debug] Clause(Atom(sbt.plugins.JvmPlugin),Set(Atom(sbt.plugins.MiniDependencyTreePlugin))))
[debug]   :: deduced result: Matched(sbt.plugins.CorePlugin,sbt.plugins.Giter8TemplatePlugin,sbt.plugins.IvyPlugin,sbt.plugins.JvmPlugin,sbt.plugins.MiniDependencyTreePlugin,sbt.plugins.JUnitXmlReportPlugin,sbt.plugins.SemanticdbPlugin)
[debug] Plugins.deducer#function took 1.0629 ms
[info] loading settings for project akkaassignment-build from idea1.sbt ...
[debug]               Load.resolveProject(akkaassignment-build) took 1.9992ms
[debug]             Load.loadTransitive: finalizeProject(Project(id akkaassignment-build, base: C:\Scala\AkkaAssignment\project, plugins: List(<none>))) took 3.3788ms
[debug] [Loading] Done in C:\Scala\AkkaAssignment\project, returning: (akkaassignment-build)
[debug]           Load.loadUnit: loadedProjectsRaw took 20.1229ms
[debug]           Load.loadUnit: cleanEvalClasses took 2.2761ms
[debug]         Load.loadUnit(file:/C:/Scala/AkkaAssignment/project/, ...) took 48.9233ms
[debug]       Load.apply: load took 49.9688ms
[debug]       Load.apply: resolveProjects took 0.0836ms
[debug]       Load.apply: finalTransforms took 2.6657ms
[debug]       Load.apply: config.delegates took 0.1728ms
[debug]       Load.apply: Def.make(settings)... took 43.4701ms
[debug]       Load.apply: structureIndex took 7.3939ms
[debug]       Load.apply: mkStreams took 0.0033ms
[info] loading project definition from C:\Scala\AkkaAssignment\project
[debug] Running task... Cancel: Signal, check cycles: false, forcegc: true
[debug]     Load.loadUnit: plugins took 218.5996ms
[debug]     Load.loadUnit: defsScala took 0.0038ms
[debug] [Loading] Scanning directory C:\Scala\AkkaAssignment
[debug]       Load.loadUnit: mkEval took 0.4142ms
[debug] [Loading] Found non-root projects 
[debug] [Loading] Done in C:\Scala\AkkaAssignment, returning: ()
[debug] deducing auto plugins based on known facts Set(Atom(sbt.plugins.CorePlugin)) and clauses Clauses(Clause(Atom(sbt.plugins.JvmPlugin),Set(Atom(sbt.plugins.IvyPlugin)))
[debug] Clause(Atom(sbt.ScriptedPlugin),Set(Atom(sbt.plugins.JvmPlugin)))
[debug] Clause(Atom(sbt.plugins.SbtPlugin),Set(Atom(sbt.ScriptedPlugin)))
[debug] Clause(Atom(sbt.plugins.SemanticdbPlugin),Set(Atom(sbt.plugins.JvmPlugin)))
[debug] Clause(Atom(sbt.plugins.JUnitXmlReportPlugin),Set(Atom(sbt.plugins.JvmPlugin)))
[debug] Clause(Atom(sbt.plugins.MiniDependencyTreePlugin),Set(Atom(sbt.plugins.JvmPlugin)))
[debug] Clause(Atom(org.jetbrains.sbt.StructurePlugin),Set(Atom(sbt.plugins.JvmPlugin)))
[debug] Clause(Atom(org.jetbrains.sbt.IdeaShellPlugin),Set(Atom(sbt.plugins.JvmPlugin)))
[debug] Clause(Atom(org.jetbrains.sbt.indices.SbtIntellijIndicesPlugin),Set(Atom(sbt.plugins.JvmPlugin)))
[debug] Clause(Atom(sbt.plugins.CorePlugin),Set(Atom(sbt.plugins.IvyPlugin)))
[debug] Clause(Atom(sbt.plugins.IvyPlugin),Set(Atom(sbt.plugins.JvmPlugin)))
[debug] Clause(Atom(sbt.plugins.JvmPlugin),Set(Atom(sbt.plugins.SemanticdbPlugin)))
[debug] Clause(Atom(sbt.plugins.JvmPlugin),Set(Atom(sbt.plugins.JUnitXmlReportPlugin)))
[debug] Clause(Atom(sbt.plugins.CorePlugin),Set(Atom(sbt.plugins.Giter8TemplatePlugin)))
[debug] Clause(Atom(sbt.plugins.JvmPlugin),Set(Atom(sbt.plugins.MiniDependencyTreePlugin)))
[debug] Clause(Atom(sbt.plugins.JvmPlugin),Set(Atom(org.jetbrains.sbt.StructurePlugin)))
[debug] Clause(Atom(sbt.plugins.JvmPlugin),Set(Atom(org.jetbrains.sbt.IdeaShellPlugin)))
[debug] Clause(And(Set(Atom(sbt.plugins.CorePlugin), Atom(sbt.plugins.JvmPlugin))),Set(Atom(org.jetbrains.sbt.indices.SbtIntellijIndicesPlugin))))
[debug]   :: deduced result: Matched(sbt.plugins.CorePlugin,sbt.plugins.Giter8TemplatePlugin,sbt.plugins.IvyPlugin,sbt.plugins.JvmPlugin,sbt.plugins.SemanticdbPlugin,org.jetbrains.sbt.indices.SbtIntellijIndicesPlugin,sbt.plugins.JUnitXmlReportPlugin,org.jetbrains.sbt.IdeaShellPlugin,org.jetbrains.sbt.StructurePlugin,sbt.plugins.MiniDependencyTreePlugin)
[debug] Plugins.deducer#function took 1.0068 ms
[info] loading settings for project akkaassignment from build.sbt ...
[debug]         Load.resolveProject(akkaassignment) took 30.4149ms
[debug]       Load.loadTransitive: finalizeProject(Project(id akkaassignment, base: C:\Scala\AkkaAssignment, plugins: List(<none>))) took 31.8469ms
[debug] [Loading] Done in C:\Scala\AkkaAssignment, returning: (akkaassignment)
[debug]     Load.loadUnit: loadedProjectsRaw took 394.5334ms
[debug]     Load.loadUnit: cleanEvalClasses took 14.2471ms
[debug]   Load.loadUnit(file:/C:/Scala/AkkaAssignment/, ...) took 627.724ms
[debug] Load.apply: load took 629.0885ms
[debug] Load.apply: resolveProjects took 0.0784ms
[debug] Load.apply: finalTransforms took 10.9002ms
[debug] Load.apply: config.delegates took 0.2795ms
[debug] Load.apply: Def.make(settings)... took 44.2924ms
[debug] Load.apply: structureIndex took 8.5962ms
[debug] Load.apply: mkStreams took 0.0029ms
[warn] Discarding 1 session setting.  Use 'session save' to persist session settings.
[info] set current project to AkkaAssignment (in build file:/C:/Scala/AkkaAssignment/)
[debug] > Exec(sbtPopOnFailure, None, None)
[debug] > Exec(resumeFromFailure, None, None)
[debug] > Exec(set _root_.org.jetbrains.sbt.StructureKeys.sbtStructureOptions in Global := "download resolveClassifiers", None, None)
[info] Defining Global / sbtStructureOptions
[info] The new value will be used by Global / ssOptions
[debug] Defining 
[debug] 	Global / sbtStructureOptions
[debug] 
[debug] The new value will be used by 
[debug] 	Global / ssOptions
[info] Reapplying settings...
[info] set current project to AkkaAssignment (in build file:/C:/Scala/AkkaAssignment/)
[debug] > Exec(*/*:dumpStructureTo C:/Users/sartnagpal/AppData/Local/Temp/sbt-structure.xml, None, None)
[debug] Evaluating tasks: Global / dumpStructureTo
[warn] sbt 0.13 shell syntax is deprecated; use slash syntax instead: Global / dumpStructureTo
[debug] Running task... Cancel: Signal, check cycles: false, forcegc: true
