[debug] > Exec(;reload; set _root_.org.jetbrains.sbt.StructureKeys.sbtStructureOptions in Global := "download resolveClassifiers" ;*/*:dumpStructureTo C:/Users/sartnagpal/AppData/Local/Temp/sbt-structure.xml; session clear-all ; set ideaPort in Global := 63538, None, None)
[debug] > Exec(reload, None, None)
[debug] > Exec(sbtStashOnFailure, None, None)
[debug] > Exec(onFailure loadFailed, None, None)
[debug] > Exec(loadp, None, None)
[info] welcome to sbt 1.5.4 (Amazon.com Inc. Java 1.8.0_292)
[debug]       Load.loadUnit: plugins took 30.4718ms
[debug]       Load.loadUnit: defsScala took 0.0064ms
[debug] [Loading] Scanning directory C:\Users\sartnagpal\.sbt\1.0\plugins
[debug] [Loading] Found non-root projects 
[debug] [Loading] Done in C:\Users\sartnagpal\.sbt\1.0\plugins, returning: ()
[debug] deducing auto plugins based on known facts Set(Atom(sbt.plugins.CorePlugin)) and clauses Clauses(Clause(Atom(sbt.plugins.JvmPlugin),Set(Atom(sbt.plugins.IvyPlugin)))
[debug] Clause(Atom(sbt.ScriptedPlugin),Set(Atom(sbt.plugins.JvmPlugin)))
[debug] Clause(Atom(sbt.plugins.SbtPlugin),Set(Atom(sbt.ScriptedPlugin)))
[debug] Clause(Atom(sbt.plugins.SemanticdbPlugin),Set(Atom(sbt.plugins.JvmPlugin)))
[debug] Clause(Atom(sbt.plugins.JUnitXmlReportPlugin),Set(Atom(sbt.plugins.JvmPlugin)))
[debug] Clause(Atom(sbt.plugins.MiniDependencyTreePlugin),Set(Atom(sbt.plugins.JvmPlugin)))
[debug] Clause(Atom(sbt.plugins.CorePlugin),Set(Atom(sbt.plugins.IvyPlugin)))
[debug] Clause(Atom(sbt.plugins.IvyPlugin),Set(Atom(sbt.plugins.JvmPlugin)))
[debug] Clause(Atom(sbt.plugins.JvmPlugin),Set(Atom(sbt.plugins.SemanticdbPlugin)))
[debug] Clause(Atom(sbt.plugins.JvmPlugin),Set(Atom(sbt.plugins.JUnitXmlReportPlugin)))
[debug] Clause(Atom(sbt.plugins.CorePlugin),Set(Atom(sbt.plugins.Giter8TemplatePlugin)))
[debug] Clause(Atom(sbt.plugins.JvmPlugin),Set(Atom(sbt.plugins.MiniDependencyTreePlugin))))
[debug]   :: deduced result: Matched(sbt.plugins.CorePlugin,sbt.plugins.Giter8TemplatePlugin,sbt.plugins.IvyPlugin,sbt.plugins.JvmPlugin,sbt.plugins.MiniDependencyTreePlugin,sbt.plugins.JUnitXmlReportPlugin,sbt.plugins.SemanticdbPlugin)
[debug] Plugins.deducer#function took 1.5437 ms
[debug]           Load.resolveProject(global-plugins) took 1.6641ms
[debug]         Load.loadTransitive: finalizeProject(Project(id global-plugins, base: C:\Users\sartnagpal\.sbt\1.0\plugins, plugins: List(<none>))) took 3.8489ms
[debug] [Loading] Done in C:\Users\sartnagpal\.sbt\1.0\plugins, returning: (global-plugins)
[debug]       Load.loadUnit: loadedProjectsRaw took 6.6263ms
[debug]       Load.loadUnit: cleanEvalClasses took 0.0199ms
[debug]     Load.loadUnit(file:/C:/Users/sartnagpal/.sbt/1.0/plugins/, ...) took 38.12ms
[debug]   Load.apply: load took 40.2455ms
[debug]   Load.apply: resolveProjects took 0.1098ms
[debug]   Load.apply: finalTransforms took 6.856ms
[debug]   Load.apply: config.delegates took 0.5353ms
[debug]   Load.apply: Def.make(settings)... took 60.2766ms
[debug]   Load.apply: structureIndex took 33.6853ms
[debug]   Load.apply: mkStreams took 0.012ms
[info] loading global plugins from C:\Users\sartnagpal\.sbt\1.0\plugins
[debug] Running task... Cancel: Signal, check cycles: false, forcegc: true
[debug] Load.defaultLoad until apply took 518.2001ms
[debug]           Load.loadUnit: plugins took 30.6539ms
[debug]           Load.loadUnit: defsScala took 0.0041ms
[debug] [Loading] Scanning directory C:\Scala\AkkaAssignment\project
[debug]             Load.loadUnit: mkEval took 0.4274ms
[debug] [Loading] Found non-root projects 
[debug] [Loading] Done in C:\Scala\AkkaAssignment\project, returning: ()
[debug] deducing auto plugins based on known facts Set(Atom(sbt.plugins.CorePlugin)) and clauses Clauses(Clause(Atom(sbt.plugins.JvmPlugin),Set(Atom(sbt.plugins.IvyPlugin)))
[debug] Clause(Atom(sbt.ScriptedPlugin),Set(Atom(sbt.plugins.JvmPlugin)))
[debug] Clause(Atom(sbt.plugins.SbtPlugin),Set(Atom(sbt.ScriptedPlugin)))
[debug] Clause(Atom(sbt.plugins.SemanticdbPlugin),Set(Atom(sbt.plugins.JvmPlugin)))
[debug] Clause(Atom(sbt.plugins.JUnitXmlReportPlugin),Set(Atom(sbt.plugins.JvmPlugin)))
[debug] Clause(Atom(sbt.plugins.MiniDependencyTreePlugin),Set(Atom(sbt.plugins.JvmPlugin)))
[debug] Clause(Atom(sbt.plugins.CorePlugin),Set(Atom(sbt.plugins.IvyPlugin)))
[debug] Clause(Atom(sbt.plugins.IvyPlugin),Set(Atom(sbt.plugins.JvmPlugin)))
[debug] Clause(Atom(sbt.plugins.JvmPlugin),Set(Atom(sbt.plugins.SemanticdbPlugin)))
[debug] Clause(Atom(sbt.plugins.JvmPlugin),Set(Atom(sbt.plugins.JUnitXmlReportPlugin)))
[debug] Clause(Atom(sbt.plugins.CorePlugin),Set(Atom(sbt.plugins.Giter8TemplatePlugin)))
[debug] Clause(Atom(sbt.plugins.JvmPlugin),Set(Atom(sbt.plugins.MiniDependencyTreePlugin))))
[debug]   :: deduced result: Matched(sbt.plugins.CorePlugin,sbt.plugins.Giter8TemplatePlugin,sbt.plugins.IvyPlugin,sbt.plugins.JvmPlugin,sbt.plugins.MiniDependencyTreePlugin,sbt.plugins.JUnitXmlReportPlugin,sbt.plugins.SemanticdbPlugin)
[debug] Plugins.deducer#function took 1.9457 ms
[info] loading settings for project akkaassignment-build from idea11.sbt ...
[debug]               Load.resolveProject(akkaassignment-build) took 11.3942ms
[debug]             Load.loadTransitive: finalizeProject(Project(id akkaassignment-build, base: C:\Scala\AkkaAssignment\project, plugins: List(<none>))) took 13.9752ms
[debug] [Loading] Done in C:\Scala\AkkaAssignment\project, returning: (akkaassignment-build)
[debug]           Load.loadUnit: loadedProjectsRaw took 39.3565ms
[debug]           Load.loadUnit: cleanEvalClasses took 2.1825ms
[debug]         Load.loadUnit(file:/C:/Scala/AkkaAssignment/project/, ...) took 73.2828ms
[debug]       Load.apply: load took 75.5145ms
[debug]       Load.apply: resolveProjects took 0.1889ms
[debug]       Load.apply: finalTransforms took 6.2314ms
[debug]       Load.apply: config.delegates took 0.5241ms
[debug]       Load.apply: Def.make(settings)... took 67.4045ms
[debug]       Load.apply: structureIndex took 22.6764ms
[debug]       Load.apply: mkStreams took 0.0156ms
[info] loading project definition from C:\Scala\AkkaAssignment\project
[debug] Running task... Cancel: Signal, check cycles: false, forcegc: true
[debug]     Load.loadUnit: plugins took 405.0745ms
[debug]     Load.loadUnit: defsScala took 0.0052ms
[debug] [Loading] Scanning directory C:\Scala\AkkaAssignment
[debug]       Load.loadUnit: mkEval took 0.5518ms
[debug] [Loading] Found non-root projects 
[debug] [Loading] Done in C:\Scala\AkkaAssignment, returning: ()
[debug] deducing auto plugins based on known facts Set(Atom(sbt.plugins.CorePlugin)) and clauses Clauses(Clause(Atom(sbt.plugins.JvmPlugin),Set(Atom(sbt.plugins.IvyPlugin)))
[debug] Clause(Atom(sbt.ScriptedPlugin),Set(Atom(sbt.plugins.JvmPlugin)))
[debug] Clause(Atom(sbt.plugins.SbtPlugin),Set(Atom(sbt.ScriptedPlugin)))
[debug] Clause(Atom(sbt.plugins.SemanticdbPlugin),Set(Atom(sbt.plugins.JvmPlugin)))
[debug] Clause(Atom(sbt.plugins.JUnitXmlReportPlugin),Set(Atom(sbt.plugins.JvmPlugin)))
[debug] Clause(Atom(sbt.plugins.MiniDependencyTreePlugin),Set(Atom(sbt.plugins.JvmPlugin)))
[debug] Clause(Atom(org.jetbrains.sbt.StructurePlugin),Set(Atom(sbt.plugins.JvmPlugin)))
[debug] Clause(Atom(org.jetbrains.sbt.IdeaShellPlugin),Set(Atom(sbt.plugins.JvmPlugin)))
[debug] Clause(Atom(org.jetbrains.sbt.indices.SbtIntellijIndicesPlugin),Set(Atom(sbt.plugins.JvmPlugin)))
[debug] Clause(Atom(sbt.plugins.CorePlugin),Set(Atom(sbt.plugins.IvyPlugin)))
[debug] Clause(Atom(sbt.plugins.IvyPlugin),Set(Atom(sbt.plugins.JvmPlugin)))
[debug] Clause(Atom(sbt.plugins.JvmPlugin),Set(Atom(sbt.plugins.SemanticdbPlugin)))
[debug] Clause(Atom(sbt.plugins.JvmPlugin),Set(Atom(sbt.plugins.JUnitXmlReportPlugin)))
[debug] Clause(Atom(sbt.plugins.CorePlugin),Set(Atom(sbt.plugins.Giter8TemplatePlugin)))
[debug] Clause(Atom(sbt.plugins.JvmPlugin),Set(Atom(sbt.plugins.MiniDependencyTreePlugin)))
[debug] Clause(Atom(sbt.plugins.JvmPlugin),Set(Atom(org.jetbrains.sbt.StructurePlugin)))
[debug] Clause(Atom(sbt.plugins.JvmPlugin),Set(Atom(org.jetbrains.sbt.IdeaShellPlugin)))
[debug] Clause(And(Set(Atom(sbt.plugins.CorePlugin), Atom(sbt.plugins.JvmPlugin))),Set(Atom(org.jetbrains.sbt.indices.SbtIntellijIndicesPlugin))))
[debug]   :: deduced result: Matched(sbt.plugins.CorePlugin,sbt.plugins.Giter8TemplatePlugin,sbt.plugins.IvyPlugin,sbt.plugins.JvmPlugin,sbt.plugins.SemanticdbPlugin,org.jetbrains.sbt.indices.SbtIntellijIndicesPlugin,sbt.plugins.JUnitXmlReportPlugin,org.jetbrains.sbt.IdeaShellPlugin,org.jetbrains.sbt.StructurePlugin,sbt.plugins.MiniDependencyTreePlugin)
[debug] Plugins.deducer#function took 2.1443 ms
[info] loading settings for project akkaassignment from build.sbt ...
[debug]         Load.resolveProject(akkaassignment) took 34.0436ms
[debug]       Load.loadTransitive: finalizeProject(Project(id akkaassignment, base: C:\Scala\AkkaAssignment, plugins: List(<none>))) took 36.7777ms
[debug] [Loading] Done in C:\Scala\AkkaAssignment, returning: (akkaassignment)
[debug]     Load.loadUnit: loadedProjectsRaw took 141.194ms
[debug]     Load.loadUnit: cleanEvalClasses took 8.2525ms
[debug]   Load.loadUnit(file:/C:/Scala/AkkaAssignment/, ...) took 555.2372ms
[debug] Load.apply: load took 557.8521ms
[debug] Load.apply: resolveProjects took 0.1242ms
[debug] Load.apply: finalTransforms took 19.6366ms
[debug] Load.apply: config.delegates took 0.5554ms
[debug] Load.apply: Def.make(settings)... took 72.1443ms
[debug] Load.apply: structureIndex took 19.132ms
[debug] Load.apply: mkStreams took 0.0058ms
[warn] Discarding 1 session setting.  Use 'session save' to persist session settings.
[info] set current project to AkkaAssignment (in build file:/C:/Scala/AkkaAssignment/)
[debug] > Exec(sbtPopOnFailure, None, None)
[debug] > Exec(resumeFromFailure, None, None)
[debug] > Exec(set _root_.org.jetbrains.sbt.StructureKeys.sbtStructureOptions in Global := "download resolveClassifiers", None, None)
[info] Defining Global / sbtStructureOptions
[info] The new value will be used by Global / ssOptions
[debug] Defining 
[debug] 	Global / sbtStructureOptions
[debug] 
[debug] The new value will be used by 
[debug] 	Global / ssOptions
[info] Reapplying settings...
[info] set current project to AkkaAssignment (in build file:/C:/Scala/AkkaAssignment/)
[debug] > Exec(*/*:dumpStructureTo C:/Users/sartnagpal/AppData/Local/Temp/sbt-structure.xml, None, None)
[debug] Evaluating tasks: Global / dumpStructureTo
[warn] sbt 0.13 shell syntax is deprecated; use slash syntax instead: Global / dumpStructureTo
[debug] Running task... Cancel: Signal, check cycles: false, forcegc: true
[info] Writing structure to C:\Users\sartnagpal\AppData\Local\Temp\sbt-structure.xml...
[info] Done.
[success] Total time: 29 s, completed Jul 3, 2021 9:59:17 PM
[debug] > Exec(session clear-all, None, None)
[info] Reapplying settings...
[info] set current project to AkkaAssignment (in build file:/C:/Scala/AkkaAssignment/)
[debug] > Exec(set ideaPort in Global := 63538, None, None)
[info] Defining Global / ideaPort
[info] The new value will be used by Compile / compile, Test / compile
[debug] Defining 
[debug] 	Global / ideaPort
[debug] 
[debug] The new value will be used by 
[debug] 	Compile / compile
[debug] 	Test / compile
[info] Reapplying settings...
[info] set current project to AkkaAssignment (in build file:/C:/Scala/AkkaAssignment/)
[debug] > Exec(idea-shell, None, None)
[debug] > Exec(, None, None)
[debug] > Exec(idea-shell, None, None)
