[debug] > Exec(;reload; set _root_.org.jetbrains.sbt.StructureKeys.sbtStructureOptions in Global := "download resolveClassifiers" ;*/*:dumpStructureTo C:/Users/sartnagpal/AppData/Local/Temp/sbt-structure.xml; session clear-all ; set ideaPort in Global := 63538, None, None)
[debug] > Exec(reload, None, None)
[debug] > Exec(sbtStashOnFailure, None, None)
[debug] > Exec(onFailure loadFailed, None, None)
[debug] > Exec(loadp, None, None)
[info] welcome to sbt 1.5.4 (Amazon.com Inc. Java 1.8.0_292)
[debug]       Load.loadUnit: plugins took 31.9299ms
[debug]       Load.loadUnit: defsScala took 0.0141ms
[debug] [Loading] Scanning directory C:\Users\sartnagpal\.sbt\1.0\plugins
[debug] [Loading] Found non-root projects 
[debug] [Loading] Done in C:\Users\sartnagpal\.sbt\1.0\plugins, returning: ()
[debug] deducing auto plugins based on known facts Set(Atom(sbt.plugins.CorePlugin)) and clauses Clauses(Clause(Atom(sbt.plugins.JvmPlugin),Set(Atom(sbt.plugins.IvyPlugin)))
[debug] Clause(Atom(sbt.ScriptedPlugin),Set(Atom(sbt.plugins.JvmPlugin)))
[debug] Clause(Atom(sbt.plugins.SbtPlugin),Set(Atom(sbt.ScriptedPlugin)))
[debug] Clause(Atom(sbt.plugins.SemanticdbPlugin),Set(Atom(sbt.plugins.JvmPlugin)))
[debug] Clause(Atom(sbt.plugins.JUnitXmlReportPlugin),Set(Atom(sbt.plugins.JvmPlugin)))
[debug] Clause(Atom(sbt.plugins.MiniDependencyTreePlugin),Set(Atom(sbt.plugins.JvmPlugin)))
[debug] Clause(Atom(sbt.plugins.CorePlugin),Set(Atom(sbt.plugins.IvyPlugin)))
[debug] Clause(Atom(sbt.plugins.IvyPlugin),Set(Atom(sbt.plugins.JvmPlugin)))
[debug] Clause(Atom(sbt.plugins.JvmPlugin),Set(Atom(sbt.plugins.SemanticdbPlugin)))
[debug] Clause(Atom(sbt.plugins.JvmPlugin),Set(Atom(sbt.plugins.JUnitXmlReportPlugin)))
[debug] Clause(Atom(sbt.plugins.CorePlugin),Set(Atom(sbt.plugins.Giter8TemplatePlugin)))
[debug] Clause(Atom(sbt.plugins.JvmPlugin),Set(Atom(sbt.plugins.MiniDependencyTreePlugin))))
[debug]   :: deduced result: Matched(sbt.plugins.CorePlugin,sbt.plugins.Giter8TemplatePlugin,sbt.plugins.IvyPlugin,sbt.plugins.JvmPlugin,sbt.plugins.MiniDependencyTreePlugin,sbt.plugins.JUnitXmlReportPlugin,sbt.plugins.SemanticdbPlugin)
[debug] Plugins.deducer#function took 0.8209 ms
[debug]           Load.resolveProject(global-plugins) took 2.5058ms
[debug]         Load.loadTransitive: finalizeProject(Project(id global-plugins, base: C:\Users\sartnagpal\.sbt\1.0\plugins, plugins: List(<none>))) took 3.7712ms
[debug] [Loading] Done in C:\Users\sartnagpal\.sbt\1.0\plugins, returning: (global-plugins)
[debug]       Load.loadUnit: loadedProjectsRaw took 5.2052ms
[debug]       Load.loadUnit: cleanEvalClasses took 0.0101ms
[debug]     Load.loadUnit(file:/C:/Users/sartnagpal/.sbt/1.0/plugins/, ...) took 47.5058ms
[debug]   Load.apply: load took 48.7485ms
[debug]   Load.apply: resolveProjects took 0.0864ms
[debug]   Load.apply: finalTransforms took 4.2703ms
[debug]   Load.apply: config.delegates took 0.2796ms
[debug]   Load.apply: Def.make(settings)... took 45.6972ms
[debug]   Load.apply: structureIndex took 10.958ms
[debug]   Load.apply: mkStreams took 0.0039ms
[info] loading global plugins from C:\Users\sartnagpal\.sbt\1.0\plugins
[debug] Running task... Cancel: Signal, check cycles: false, forcegc: true
[debug] Load.defaultLoad until apply took 291.7075ms
[debug]           Load.loadUnit: plugins took 25.7926ms
[debug]           Load.loadUnit: defsScala took 0.0022ms
[debug] [Loading] Scanning directory C:\Scala\AkkaAssignment\project
[debug]             Load.loadUnit: mkEval took 0.3911ms
[debug] [Loading] Found non-root projects 
[debug] [Loading] Done in C:\Scala\AkkaAssignment\project, returning: ()
[debug] deducing auto plugins based on known facts Set(Atom(sbt.plugins.CorePlugin)) and clauses Clauses(Clause(Atom(sbt.plugins.JvmPlugin),Set(Atom(sbt.plugins.IvyPlugin)))
[debug] Clause(Atom(sbt.ScriptedPlugin),Set(Atom(sbt.plugins.JvmPlugin)))
[debug] Clause(Atom(sbt.plugins.SbtPlugin),Set(Atom(sbt.ScriptedPlugin)))
[debug] Clause(Atom(sbt.plugins.SemanticdbPlugin),Set(Atom(sbt.plugins.JvmPlugin)))
[debug] Clause(Atom(sbt.plugins.JUnitXmlReportPlugin),Set(Atom(sbt.plugins.JvmPlugin)))
[debug] Clause(Atom(sbt.plugins.MiniDependencyTreePlugin),Set(Atom(sbt.plugins.JvmPlugin)))
[debug] Clause(Atom(sbt.plugins.CorePlugin),Set(Atom(sbt.plugins.IvyPlugin)))
[debug] Clause(Atom(sbt.plugins.IvyPlugin),Set(Atom(sbt.plugins.JvmPlugin)))
[debug] Clause(Atom(sbt.plugins.JvmPlugin),Set(Atom(sbt.plugins.SemanticdbPlugin)))
[debug] Clause(Atom(sbt.plugins.JvmPlugin),Set(Atom(sbt.plugins.JUnitXmlReportPlugin)))
[debug] Clause(Atom(sbt.plugins.CorePlugin),Set(Atom(sbt.plugins.Giter8TemplatePlugin)))
[debug] Clause(Atom(sbt.plugins.JvmPlugin),Set(Atom(sbt.plugins.MiniDependencyTreePlugin))))
[debug]   :: deduced result: Matched(sbt.plugins.CorePlugin,sbt.plugins.Giter8TemplatePlugin,sbt.plugins.IvyPlugin,sbt.plugins.JvmPlugin,sbt.plugins.MiniDependencyTreePlugin,sbt.plugins.JUnitXmlReportPlugin,sbt.plugins.SemanticdbPlugin)
[debug] Plugins.deducer#function took 0.9283 ms
[info] loading settings for project akkaassignment-build from idea2.sbt ...
[debug]               Load.resolveProject(akkaassignment-build) took 6.264ms
[debug]             Load.loadTransitive: finalizeProject(Project(id akkaassignment-build, base: C:\Scala\AkkaAssignment\project, plugins: List(<none>))) took 7.6494ms
[debug] [Loading] Done in C:\Scala\AkkaAssignment\project, returning: (akkaassignment-build)
[debug]           Load.loadUnit: loadedProjectsRaw took 27.9706ms
[debug]           Load.loadUnit: cleanEvalClasses took 3.4276ms
[debug]         Load.loadUnit(file:/C:/Scala/AkkaAssignment/project/, ...) took 58.1893ms
[debug]       Load.apply: load took 59.6222ms
[debug]       Load.apply: resolveProjects took 0.1051ms
[debug]       Load.apply: finalTransforms took 4.5544ms
[debug]       Load.apply: config.delegates took 0.2118ms
[debug]       Load.apply: Def.make(settings)... took 77.9775ms
[debug]       Load.apply: structureIndex took 10.29ms
[debug]       Load.apply: mkStreams took 0.003ms
[info] loading project definition from C:\Scala\AkkaAssignment\project
[debug] Running task... Cancel: Signal, check cycles: false, forcegc: true
[debug]     Load.loadUnit: plugins took 375.0329ms
[debug]     Load.loadUnit: defsScala took 0.004ms
[debug] [Loading] Scanning directory C:\Scala\AkkaAssignment
[debug]       Load.loadUnit: mkEval took 0.3752ms
[debug] [Loading] Found non-root projects 
[debug] [Loading] Done in C:\Scala\AkkaAssignment, returning: ()
[debug] deducing auto plugins based on known facts Set(Atom(sbt.plugins.CorePlugin)) and clauses Clauses(Clause(Atom(sbt.plugins.JvmPlugin),Set(Atom(sbt.plugins.IvyPlugin)))
[debug] Clause(Atom(sbt.ScriptedPlugin),Set(Atom(sbt.plugins.JvmPlugin)))
[debug] Clause(Atom(sbt.plugins.SbtPlugin),Set(Atom(sbt.ScriptedPlugin)))
[debug] Clause(Atom(sbt.plugins.SemanticdbPlugin),Set(Atom(sbt.plugins.JvmPlugin)))
[debug] Clause(Atom(sbt.plugins.JUnitXmlReportPlugin),Set(Atom(sbt.plugins.JvmPlugin)))
[debug] Clause(Atom(sbt.plugins.MiniDependencyTreePlugin),Set(Atom(sbt.plugins.JvmPlugin)))
[debug] Clause(Atom(org.jetbrains.sbt.StructurePlugin),Set(Atom(sbt.plugins.JvmPlugin)))
[debug] Clause(Atom(org.jetbrains.sbt.IdeaShellPlugin),Set(Atom(sbt.plugins.JvmPlugin)))
[debug] Clause(Atom(org.jetbrains.sbt.indices.SbtIntellijIndicesPlugin),Set(Atom(sbt.plugins.JvmPlugin)))
[debug] Clause(Atom(sbt.plugins.CorePlugin),Set(Atom(sbt.plugins.IvyPlugin)))
[debug] Clause(Atom(sbt.plugins.IvyPlugin),Set(Atom(sbt.plugins.JvmPlugin)))
[debug] Clause(Atom(sbt.plugins.JvmPlugin),Set(Atom(sbt.plugins.SemanticdbPlugin)))
[debug] Clause(Atom(sbt.plugins.JvmPlugin),Set(Atom(sbt.plugins.JUnitXmlReportPlugin)))
[debug] Clause(Atom(sbt.plugins.CorePlugin),Set(Atom(sbt.plugins.Giter8TemplatePlugin)))
[debug] Clause(Atom(sbt.plugins.JvmPlugin),Set(Atom(sbt.plugins.MiniDependencyTreePlugin)))
[debug] Clause(Atom(sbt.plugins.JvmPlugin),Set(Atom(org.jetbrains.sbt.StructurePlugin)))
[debug] Clause(Atom(sbt.plugins.JvmPlugin),Set(Atom(org.jetbrains.sbt.IdeaShellPlugin)))
[debug] Clause(And(Set(Atom(sbt.plugins.CorePlugin), Atom(sbt.plugins.JvmPlugin))),Set(Atom(org.jetbrains.sbt.indices.SbtIntellijIndicesPlugin))))
[debug]   :: deduced result: Matched(sbt.plugins.CorePlugin,sbt.plugins.Giter8TemplatePlugin,sbt.plugins.IvyPlugin,sbt.plugins.JvmPlugin,sbt.plugins.SemanticdbPlugin,org.jetbrains.sbt.indices.SbtIntellijIndicesPlugin,sbt.plugins.JUnitXmlReportPlugin,org.jetbrains.sbt.IdeaShellPlugin,org.jetbrains.sbt.StructurePlugin,sbt.plugins.MiniDependencyTreePlugin)
[debug] Plugins.deducer#function took 1.5118 ms
[info] loading settings for project akkaassignment from build.sbt ...
[debug]         Load.resolveProject(akkaassignment) took 32.0625ms
[debug]       Load.loadTransitive: finalizeProject(Project(id akkaassignment, base: C:\Scala\AkkaAssignment, plugins: List(<none>))) took 34.2101ms
[debug] [Loading] Done in C:\Scala\AkkaAssignment, returning: (akkaassignment)
[debug]     Load.loadUnit: loadedProjectsRaw took 1981.7095ms
[debug]     Load.loadUnit: cleanEvalClasses took 32.9645ms
[debug]   Load.loadUnit(file:/C:/Scala/AkkaAssignment/, ...) took 2390.3943ms
[debug] Load.apply: load took 2391.7557ms
[debug] Load.apply: resolveProjects took 0.0793ms
[debug] Load.apply: finalTransforms took 10.8573ms
[debug] Load.apply: config.delegates took 0.2277ms
[debug] Load.apply: Def.make(settings)... took 68.7841ms
[debug] Load.apply: structureIndex took 10.1506ms
[debug] Load.apply: mkStreams took 0.0043ms
[warn] Discarding 1 session setting.  Use 'session save' to persist session settings.
[info] set current project to AkkaAssignment (in build file:/C:/Scala/AkkaAssignment/)
[debug] > Exec(sbtPopOnFailure, None, None)
[debug] > Exec(resumeFromFailure, None, None)
[debug] > Exec(set _root_.org.jetbrains.sbt.StructureKeys.sbtStructureOptions in Global := "download resolveClassifiers", None, None)
[info] Defining Global / sbtStructureOptions
[info] The new value will be used by Global / ssOptions
[debug] Defining 
[debug] 	Global / sbtStructureOptions
[debug] 
[debug] The new value will be used by 
[debug] 	Global / ssOptions
[info] Reapplying settings...
[info] set current project to AkkaAssignment (in build file:/C:/Scala/AkkaAssignment/)
[debug] > Exec(*/*:dumpStructureTo C:/Users/sartnagpal/AppData/Local/Temp/sbt-structure.xml, None, None)
[debug] Evaluating tasks: Global / dumpStructureTo
[warn] sbt 0.13 shell syntax is deprecated; use slash syntax instead: Global / dumpStructureTo
[debug] Running task... Cancel: Signal, check cycles: false, forcegc: true
