[debug] > Exec(;reload; set _root_.org.jetbrains.sbt.StructureKeys.sbtStructureOptions in Global := "download resolveClassifiers" ;*/*:dumpStructureTo C:/Users/sartnagpal/AppData/Local/Temp/sbt-structure.xml; session clear-all ; set ideaPort in Global := 63538, None, None)
[debug] > Exec(reload, None, None)
[debug] > Exec(sbtStashOnFailure, None, None)
[debug] > Exec(onFailure loadFailed, None, None)
[debug] > Exec(loadp, None, None)
[info] welcome to sbt 1.5.4 (Amazon.com Inc. Java 1.8.0_292)
[debug]       Load.loadUnit: plugins took 48.7512ms
[debug]       Load.loadUnit: defsScala took 0.0358ms
[debug] [Loading] Scanning directory C:\Users\sartnagpal\.sbt\1.0\plugins
[debug] [Loading] Found non-root projects 
[debug] [Loading] Done in C:\Users\sartnagpal\.sbt\1.0\plugins, returning: ()
[debug] deducing auto plugins based on known facts Set(Atom(sbt.plugins.CorePlugin)) and clauses Clauses(Clause(Atom(sbt.plugins.JvmPlugin),Set(Atom(sbt.plugins.IvyPlugin)))
[debug] Clause(Atom(sbt.ScriptedPlugin),Set(Atom(sbt.plugins.JvmPlugin)))
[debug] Clause(Atom(sbt.plugins.SbtPlugin),Set(Atom(sbt.ScriptedPlugin)))
[debug] Clause(Atom(sbt.plugins.SemanticdbPlugin),Set(Atom(sbt.plugins.JvmPlugin)))
[debug] Clause(Atom(sbt.plugins.JUnitXmlReportPlugin),Set(Atom(sbt.plugins.JvmPlugin)))
[debug] Clause(Atom(sbt.plugins.MiniDependencyTreePlugin),Set(Atom(sbt.plugins.JvmPlugin)))
[debug] Clause(Atom(sbt.plugins.CorePlugin),Set(Atom(sbt.plugins.IvyPlugin)))
[debug] Clause(Atom(sbt.plugins.IvyPlugin),Set(Atom(sbt.plugins.JvmPlugin)))
[debug] Clause(Atom(sbt.plugins.JvmPlugin),Set(Atom(sbt.plugins.SemanticdbPlugin)))
[debug] Clause(Atom(sbt.plugins.JvmPlugin),Set(Atom(sbt.plugins.JUnitXmlReportPlugin)))
[debug] Clause(Atom(sbt.plugins.CorePlugin),Set(Atom(sbt.plugins.Giter8TemplatePlugin)))
[debug] Clause(Atom(sbt.plugins.JvmPlugin),Set(Atom(sbt.plugins.MiniDependencyTreePlugin))))
[debug]   :: deduced result: Matched(sbt.plugins.CorePlugin,sbt.plugins.Giter8TemplatePlugin,sbt.plugins.IvyPlugin,sbt.plugins.JvmPlugin,sbt.plugins.MiniDependencyTreePlugin,sbt.plugins.JUnitXmlReportPlugin,sbt.plugins.SemanticdbPlugin)
[debug] Plugins.deducer#function took 1.3519 ms
[debug]           Load.resolveProject(global-plugins) took 1.5581ms
[debug]         Load.loadTransitive: finalizeProject(Project(id global-plugins, base: C:\Users\sartnagpal\.sbt\1.0\plugins, plugins: List(<none>))) took 3.377ms
[debug] [Loading] Done in C:\Users\sartnagpal\.sbt\1.0\plugins, returning: (global-plugins)
[debug]       Load.loadUnit: loadedProjectsRaw took 5.3402ms
[debug]       Load.loadUnit: cleanEvalClasses took 0.0139ms
[debug]     Load.loadUnit(file:/C:/Users/sartnagpal/.sbt/1.0/plugins/, ...) took 64.912ms
[debug]   Load.apply: load took 67.1487ms
[debug]   Load.apply: resolveProjects took 0.1091ms
[debug]   Load.apply: finalTransforms took 4.6044ms
[debug]   Load.apply: config.delegates took 0.2247ms
[debug]   Load.apply: Def.make(settings)... took 30.9022ms
[debug]   Load.apply: structureIndex took 9.6004ms
[debug]   Load.apply: mkStreams took 0.004ms
[info] loading global plugins from C:\Users\sartnagpal\.sbt\1.0\plugins
[debug] Running task... Cancel: Signal, check cycles: false, forcegc: true
[debug] Load.defaultLoad until apply took 328.9154ms
[debug]           Load.loadUnit: plugins took 26.6861ms
[debug]           Load.loadUnit: defsScala took 0.0052ms
[debug] [Loading] Scanning directory C:\Scala\AkkaAssignment\project
[debug]             Load.loadUnit: mkEval took 0.4589ms
[debug] [Loading] Found non-root projects 
[debug] [Loading] Done in C:\Scala\AkkaAssignment\project, returning: ()
[debug] deducing auto plugins based on known facts Set(Atom(sbt.plugins.CorePlugin)) and clauses Clauses(Clause(Atom(sbt.plugins.JvmPlugin),Set(Atom(sbt.plugins.IvyPlugin)))
[debug] Clause(Atom(sbt.ScriptedPlugin),Set(Atom(sbt.plugins.JvmPlugin)))
[debug] Clause(Atom(sbt.plugins.SbtPlugin),Set(Atom(sbt.ScriptedPlugin)))
[debug] Clause(Atom(sbt.plugins.SemanticdbPlugin),Set(Atom(sbt.plugins.JvmPlugin)))
[debug] Clause(Atom(sbt.plugins.JUnitXmlReportPlugin),Set(Atom(sbt.plugins.JvmPlugin)))
[debug] Clause(Atom(sbt.plugins.MiniDependencyTreePlugin),Set(Atom(sbt.plugins.JvmPlugin)))
[debug] Clause(Atom(sbt.plugins.CorePlugin),Set(Atom(sbt.plugins.IvyPlugin)))
[debug] Clause(Atom(sbt.plugins.IvyPlugin),Set(Atom(sbt.plugins.JvmPlugin)))
[debug] Clause(Atom(sbt.plugins.JvmPlugin),Set(Atom(sbt.plugins.SemanticdbPlugin)))
[debug] Clause(Atom(sbt.plugins.JvmPlugin),Set(Atom(sbt.plugins.JUnitXmlReportPlugin)))
[debug] Clause(Atom(sbt.plugins.CorePlugin),Set(Atom(sbt.plugins.Giter8TemplatePlugin)))
[debug] Clause(Atom(sbt.plugins.JvmPlugin),Set(Atom(sbt.plugins.MiniDependencyTreePlugin))))
[debug]   :: deduced result: Matched(sbt.plugins.CorePlugin,sbt.plugins.Giter8TemplatePlugin,sbt.plugins.IvyPlugin,sbt.plugins.JvmPlugin,sbt.plugins.MiniDependencyTreePlugin,sbt.plugins.JUnitXmlReportPlugin,sbt.plugins.SemanticdbPlugin)
[debug] Plugins.deducer#function took 1.4892 ms
[info] loading settings for project akkaassignment-build from idea1.sbt ...
[debug]               Load.resolveProject(akkaassignment-build) took 8.5631ms
[debug]             Load.loadTransitive: finalizeProject(Project(id akkaassignment-build, base: C:\Scala\AkkaAssignment\project, plugins: List(<none>))) took 10.5749ms
[debug] [Loading] Done in C:\Scala\AkkaAssignment\project, returning: (akkaassignment-build)
[debug]           Load.loadUnit: loadedProjectsRaw took 34.1163ms
[debug]           Load.loadUnit: cleanEvalClasses took 2.5473ms
[debug]         Load.loadUnit(file:/C:/Scala/AkkaAssignment/project/, ...) took 64.5165ms
[debug]       Load.apply: load took 65.892ms
[debug]       Load.apply: resolveProjects took 0.0908ms
[debug]       Load.apply: finalTransforms took 3.9424ms
[debug]       Load.apply: config.delegates took 0.2013ms
[debug]       Load.apply: Def.make(settings)... took 50.7603ms
[debug]       Load.apply: structureIndex took 10.1594ms
[debug]       Load.apply: mkStreams took 0.0039ms
[info] loading project definition from C:\Scala\AkkaAssignment\project
[debug] Running task... Cancel: Signal, check cycles: false, forcegc: true
[debug]     Load.loadUnit: plugins took 284.076ms
[debug]     Load.loadUnit: defsScala took 0.0032ms
[debug] [Loading] Scanning directory C:\Scala\AkkaAssignment
[debug]       Load.loadUnit: mkEval took 0.4108ms
[debug] [Loading] Found non-root projects 
[debug] [Loading] Done in C:\Scala\AkkaAssignment, returning: ()
[debug] deducing auto plugins based on known facts Set(Atom(sbt.plugins.CorePlugin)) and clauses Clauses(Clause(Atom(sbt.plugins.JvmPlugin),Set(Atom(sbt.plugins.IvyPlugin)))
[debug] Clause(Atom(sbt.ScriptedPlugin),Set(Atom(sbt.plugins.JvmPlugin)))
[debug] Clause(Atom(sbt.plugins.SbtPlugin),Set(Atom(sbt.ScriptedPlugin)))
[debug] Clause(Atom(sbt.plugins.SemanticdbPlugin),Set(Atom(sbt.plugins.JvmPlugin)))
[debug] Clause(Atom(sbt.plugins.JUnitXmlReportPlugin),Set(Atom(sbt.plugins.JvmPlugin)))
[debug] Clause(Atom(sbt.plugins.MiniDependencyTreePlugin),Set(Atom(sbt.plugins.JvmPlugin)))
[debug] Clause(Atom(org.jetbrains.sbt.StructurePlugin),Set(Atom(sbt.plugins.JvmPlugin)))
[debug] Clause(Atom(org.jetbrains.sbt.IdeaShellPlugin),Set(Atom(sbt.plugins.JvmPlugin)))
[debug] Clause(Atom(org.jetbrains.sbt.indices.SbtIntellijIndicesPlugin),Set(Atom(sbt.plugins.JvmPlugin)))
[debug] Clause(Atom(sbt.plugins.CorePlugin),Set(Atom(sbt.plugins.IvyPlugin)))
[debug] Clause(Atom(sbt.plugins.IvyPlugin),Set(Atom(sbt.plugins.JvmPlugin)))
[debug] Clause(Atom(sbt.plugins.JvmPlugin),Set(Atom(sbt.plugins.SemanticdbPlugin)))
[debug] Clause(Atom(sbt.plugins.JvmPlugin),Set(Atom(sbt.plugins.JUnitXmlReportPlugin)))
[debug] Clause(Atom(sbt.plugins.CorePlugin),Set(Atom(sbt.plugins.Giter8TemplatePlugin)))
[debug] Clause(Atom(sbt.plugins.JvmPlugin),Set(Atom(sbt.plugins.MiniDependencyTreePlugin)))
[debug] Clause(Atom(sbt.plugins.JvmPlugin),Set(Atom(org.jetbrains.sbt.StructurePlugin)))
[debug] Clause(Atom(sbt.plugins.JvmPlugin),Set(Atom(org.jetbrains.sbt.IdeaShellPlugin)))
[debug] Clause(And(Set(Atom(sbt.plugins.CorePlugin), Atom(sbt.plugins.JvmPlugin))),Set(Atom(org.jetbrains.sbt.indices.SbtIntellijIndicesPlugin))))
[debug]   :: deduced result: Matched(sbt.plugins.CorePlugin,sbt.plugins.Giter8TemplatePlugin,sbt.plugins.IvyPlugin,sbt.plugins.JvmPlugin,sbt.plugins.SemanticdbPlugin,org.jetbrains.sbt.indices.SbtIntellijIndicesPlugin,sbt.plugins.JUnitXmlReportPlugin,org.jetbrains.sbt.IdeaShellPlugin,org.jetbrains.sbt.StructurePlugin,sbt.plugins.MiniDependencyTreePlugin)
[debug] Plugins.deducer#function took 1.4741 ms
[info] loading settings for project akkaassignment from build.sbt ...
[debug]         Load.resolveProject(akkaassignment) took 31.7054ms
[debug]       Load.loadTransitive: finalizeProject(Project(id akkaassignment, base: C:\Scala\AkkaAssignment, plugins: List(<none>))) took 33.825ms
[debug] [Loading] Done in C:\Scala\AkkaAssignment, returning: (akkaassignment)
[debug]     Load.loadUnit: loadedProjectsRaw took 428.8038ms
[debug]     Load.loadUnit: cleanEvalClasses took 12.9486ms
[debug]   Load.loadUnit(file:/C:/Scala/AkkaAssignment/, ...) took 726.227ms
[debug] Load.apply: load took 727.6581ms
[debug] Load.apply: resolveProjects took 0.0839ms
[debug] Load.apply: finalTransforms took 10.1484ms
[debug] Load.apply: config.delegates took 0.165ms
[debug] Load.apply: Def.make(settings)... took 58.9184ms
[debug] Load.apply: structureIndex took 11.5524ms
[debug] Load.apply: mkStreams took 0.0038ms
[warn] Discarding 1 session setting.  Use 'session save' to persist session settings.
[info] set current project to AkkaAssignment (in build file:/C:/Scala/AkkaAssignment/)
[debug] > Exec(sbtPopOnFailure, None, None)
[debug] > Exec(resumeFromFailure, None, None)
[debug] > Exec(set _root_.org.jetbrains.sbt.StructureKeys.sbtStructureOptions in Global := "download resolveClassifiers", None, None)
[info] Defining Global / sbtStructureOptions
[info] The new value will be used by Global / ssOptions
[debug] Defining 
[debug] 	Global / sbtStructureOptions
[debug] 
[debug] The new value will be used by 
[debug] 	Global / ssOptions
[info] Reapplying settings...
[info] set current project to AkkaAssignment (in build file:/C:/Scala/AkkaAssignment/)
[debug] > Exec(*/*:dumpStructureTo C:/Users/sartnagpal/AppData/Local/Temp/sbt-structure.xml, None, None)
[debug] Evaluating tasks: Global / dumpStructureTo
[warn] sbt 0.13 shell syntax is deprecated; use slash syntax instead: Global / dumpStructureTo
[debug] Running task... Cancel: Signal, check cycles: false, forcegc: true
[info] Writing structure to C:\Users\sartnagpal\AppData\Local\Temp\sbt-structure.xml...
[info] Done.
[success] Total time: 1 s, completed Jul 3, 2021 9:44:46 PM
[debug] > Exec(session clear-all, None, None)
[info] Reapplying settings...
[info] set current project to AkkaAssignment (in build file:/C:/Scala/AkkaAssignment/)
[debug] > Exec(set ideaPort in Global := 63538, None, None)
[info] Defining Global / ideaPort
[info] The new value will be used by Compile / compile, Test / compile
[debug] Defining 
[debug] 	Global / ideaPort
[debug] 
[debug] The new value will be used by 
[debug] 	Compile / compile
[debug] 	Test / compile
[info] Reapplying settings...
[info] set current project to AkkaAssignment (in build file:/C:/Scala/AkkaAssignment/)
[debug] > Exec(idea-shell, None, None)
[debug] > Exec(, None, None)
[debug] > Exec(idea-shell, None, None)
